<?xml version="1.0" encoding="UTF-8"?>
<!-- Generated by org.testng.reporters.JUnitReportReporter -->
<testsuite skipped="0" hostname="LAPTOP-7N9U184H" name="com.banking.testCases.TC_LoginTest_001" tests="1" failures="0" timestamp="05 May 2021 10:01:07 GMT" time="5.987" errors="0">
  <testcase name="loginTest" time="5.987" classname="com.banking.testCases.TC_LoginTest_001"/>
</testsuite> <!-- com.banking.testCases.TC_LoginTest_001 -->
