<?xml version="1.0" encoding="UTF-8"?>
<!-- Generated by org.testng.reporters.JUnitReportReporter -->
<testsuite skipped="0" hostname="LAPTOP-7N9U184H" name="com.banking.testCases.TC_LoginTestDDT_002" tests="4" failures="0" timestamp="05 May 2021 10:51:14 GMT" time="18.357" errors="0">
  <testcase name="loginTestDDT" time="6.783" classname="com.banking.testCases.TC_LoginTestDDT_002"/>
  <testcase name="loginTestDDT" time="3.097" classname="com.banking.testCases.TC_LoginTestDDT_002"/>
  <testcase name="loginTestDDT" time="5.528" classname="com.banking.testCases.TC_LoginTestDDT_002"/>
  <testcase name="loginTestDDT" time="2.949" classname="com.banking.testCases.TC_LoginTestDDT_002"/>
</testsuite> <!-- com.banking.testCases.TC_LoginTestDDT_002 -->
