<?xml version="1.0" encoding="UTF-8"?>
<!-- Generated by org.testng.reporters.JUnitReportReporter -->
<testsuite skipped="0" hostname="LAPTOP-7N9U184H" name="com.banking.testCases.TC_LoginTestDDT_002" tests="4" failures="0" timestamp="05 May 2021 16:36:15 GMT" time="17.375" errors="0">
  <testcase name="loginTestDDT" time="6.187" classname="com.banking.testCases.TC_LoginTestDDT_002"/>
  <testcase name="loginTestDDT" time="3.224" classname="com.banking.testCases.TC_LoginTestDDT_002"/>
  <testcase name="loginTestDDT" time="5.416" classname="com.banking.testCases.TC_LoginTestDDT_002"/>
  <testcase name="loginTestDDT" time="2.548" classname="com.banking.testCases.TC_LoginTestDDT_002"/>
</testsuite> <!-- com.banking.testCases.TC_LoginTestDDT_002 -->
